<?xml version="1.0" encoding="UTF-8"?>
<!-- Generated by org.testng.reporters.JUnitReportReporter -->
<testsuite hostname="RU1109169494" name="com.example.tests.GroupCreationTests" tests="2" failures="0" timestamp="29 Oct 2015 09:05:08 GMT" time="4.258" errors="0">
  <testcase name="testValidGr" time="0.692" classname="com.example.tests.GroupCreationTests"/>
  <testcase name="testGroupWithEmptyDataCanBeCreated" time="3.566" classname="com.example.tests.GroupCreationTests"/>
</testsuite> <!-- com.example.tests.GroupCreationTests -->
