<?xml version="1.0" encoding="UTF-8"?>
<!-- Generated by org.testng.reporters.JUnitReportReporter -->
<testsuite hostname="RU1109169494" name="com.example.tests.AlsoGroupCreationTests" tests="2" failures="0" timestamp="28 Oct 2015 09:22:05 GMT" time="1.786" errors="0">
  <testcase name="testEmptyGroupCreation" time="1.001" classname="com.example.tests.AlsoGroupCreationTests"/>
  <testcase name="testNonEmptyGroupCreation" time="0.785" classname="com.example.tests.AlsoGroupCreationTests"/>
</testsuite> <!-- com.example.tests.AlsoGroupCreationTests -->
