<?xml version="1.0" encoding="UTF-8"?>
<!-- Generated by org.testng.reporters.JUnitReportReporter -->
<testsuite hostname="RU1109169494" name="com.example.tests.GroupCreationTests" tests="2" failures="0" timestamp="22 Oct 2015 04:49:44 GMT" time="1.410" errors="0">
  <testcase name="testEmptyGroupCreation" time="0.714" classname="com.example.tests.GroupCreationTests"/>
  <testcase name="testNonEmptyGroupCreation" time="0.696" classname="com.example.tests.GroupCreationTests"/>
</testsuite> <!-- com.example.tests.GroupCreationTests -->
