<?xml version="1.0" encoding="UTF-8"?>
<!-- Generated by org.testng.reporters.JUnitReportReporter -->
<testsuite hostname="RU1109169494" name="com.example.tests.GroupCreationTests" tests="2" failures="0" timestamp="28 Oct 2015 21:26:19 GMT" time="1.873" errors="0">
  <testcase name="testEmptyGroupCreation" time="1.012" classname="com.example.tests.GroupCreationTests"/>
  <testcase name="testNonEmptyGroupCreation" time="0.861" classname="com.example.tests.GroupCreationTests"/>
</testsuite> <!-- com.example.tests.GroupCreationTests -->
