<?xml version="1.0" encoding="UTF-8"?>
<!-- Generated by org.testng.reporters.JUnitReportReporter -->
<testsuite hostname="RU1109169494" name="com.example.tests.AlsoGroupCreationTests" tests="2" failures="0" timestamp="22 Oct 2015 04:49:44 GMT" time="1.993" errors="0">
  <testcase name="testEmptyGroupCreation" time="1.202" classname="com.example.tests.AlsoGroupCreationTests"/>
  <testcase name="testNonEmptyGroupCreation" time="0.791" classname="com.example.tests.AlsoGroupCreationTests"/>
</testsuite> <!-- com.example.tests.AlsoGroupCreationTests -->
